#
# There is insufficient memory for the Java Runtime Environment to continue.
# Native memory allocation (malloc) failed to allocate 32744 bytes for ChunkPool::allocate
# Possible reasons:
#   The system is out of physical RAM or swap space
#   The process is running with CompressedOops enabled, and the Java Heap may be blocking the growth of the native heap
# Possible solutions:
#   Reduce memory load on the system
#   Increase physical memory or swap space
#   Check if swap backing store is full
#   Decrease Java heap size (-Xmx/-Xms)
#   Decrease number of Java threads
#   Decrease Java thread stack sizes (-Xss)
#   Set larger code cache with -XX:ReservedCodeCacheSize=
#   JVM is running with Unscaled Compressed Oops mode in which the Java heap is
#     placed in the first 4GB address space. The Java Heap base address is the
#     maximum limit for the native heap growth. Please use -XX:HeapBaseMinAddress
#     to set the Java Heap base and to place the Java Heap above 4GB virtual address.
# This output file may be truncated or incomplete.
#
#  Out of Memory Error (arena.cpp:81), pid=98060, tid=119144
#
# JRE version: OpenJDK Runtime Environment Temurin-11.0.25+9 (11.0.25+9) (build 11.0.25+9)
# Java VM: OpenJDK 64-Bit Server VM Temurin-11.0.25+9 (11.0.25+9, mixed mode, tiered, compressed oops, g1 gc, windows-amd64)
# No core dump will be written. Minidumps are not enabled by default on client versions of Windows
#

---------------  S U M M A R Y ------------

Command Line: -Dchromeoptions.prefs=profile.password_manager_leak_detection=false -Dorg.gradle.internal.worker.tmpdir=C:\Users\mahdi\IdeaProjects\OrderDebitCard\build\tmp\test\work -Dorg.gradle.native=false -Xmx512m -Dfile.encoding=windows-1251 -Duser.country=RU -Duser.language=ru -Duser.variant -ea worker.org.gradle.process.internal.worker.GradleWorkerMain 'Gradle Test Executor 14'

Host: Intel(R) Pentium(R) Gold 7505 @ 2.00GHz, 4 cores, 7G,  Windows 11 , 64 bit Build 22621 (10.0.22621.4391)
Time: Mon Feb  3 13:49:34 2025 RTZ 2 (s 11 , 64 bit Build 22621 (10.0.22621.4391) elapsed time: 9.763296 seconds (0d 0h 0m 9s)

---------------  T H R E A D  ---------------

Current thread (0x000001d44eeda000):  JavaThread "C2 CompilerThread0" daemon [_thread_in_native, id=119144, stack(0x0000001c4fd00000,0x0000001c4fe00000)]


Current CompileTask:
C2:   9763 2518       4       jdk.internal.org.objectweb.asm.Frame::execute (2264 bytes)

Stack: [0x0000001c4fd00000,0x0000001c4fe00000]
Native frames: (J=compiled Java code, j=interpreted, Vv=VM code, C=native code)
V  [jvm.dll+0x64485a]
V  [jvm.dll+0x7d7159]
V  [jvm.dll+0x7d8839]
V  [jvm.dll+0x7d8f33]
V  [jvm.dll+0x269095]
V  [jvm.dll+0xc296b]
V  [jvm.dll+0xc2d0c]
V  [jvm.dll+0xc2814]
V  [jvm.dll+0x621e7f]
V  [jvm.dll+0x551115]
V  [jvm.dll+0x550429]
V  [jvm.dll+0x229e37]
V  [jvm.dll+0x22363c]
V  [jvm.dll+0x220138]
V  [jvm.dll+0x19dfc1]
V  [jvm.dll+0x230244]
V  [jvm.dll+0x22e63c]
V  [jvm.dll+0x7983b1]
V  [jvm.dll+0x790f14]
V  [jvm.dll+0x643625]
C  [ucrtbase.dll+0x29333]
C  [KERNEL32.DLL+0x1259d]
C  [ntdll.dll+0x5af38]


---------------  P R O C E S S  ---------------

Threads class SMR info:
_java_thread_list=0x000001d451b0d640, length=26, elements={
0x000001d433f3b000, 0x000001d44eeb3800, 0x000001d44eeb4800, 0x000001d44f843000,
0x000001d44eed8000, 0x000001d44eed9000, 0x000001d44eeda000, 0x000001d44eedb800,
0x000001d44f8a1000, 0x000001d44f9a8000, 0x000001d45030e800, 0x000001d4503df000,
0x000001d450375800, 0x000001d4512ca000, 0x000001d45135d800, 0x000001d45135e000,
0x000001d45127f000, 0x000001d45127f800, 0x000001d451444000, 0x000001d451667000,
0x000001d451667800, 0x000001d451669800, 0x000001d451668800, 0x000001d45166a000,
0x000001d45166b000, 0x000001d451665800
}

Java Threads: ( => current thread )
  0x000001d433f3b000 JavaThread "Test worker" [_thread_blocked, id=117128, stack(0x0000001c4f100000,0x0000001c4f200000)]
  0x000001d44eeb3800 JavaThread "Reference Handler" daemon [_thread_blocked, id=111304, stack(0x0000001c4f800000,0x0000001c4f900000)]
  0x000001d44eeb4800 JavaThread "Finalizer" daemon [_thread_blocked, id=93732, stack(0x0000001c4f900000,0x0000001c4fa00000)]
  0x000001d44f843000 JavaThread "Signal Dispatcher" daemon [_thread_blocked, id=92832, stack(0x0000001c4fa00000,0x0000001c4fb00000)]
  0x000001d44eed8000 JavaThread "Attach Listener" daemon [_thread_blocked, id=100056, stack(0x0000001c4fb00000,0x0000001c4fc00000)]
  0x000001d44eed9000 JavaThread "Service Thread" daemon [_thread_blocked, id=102172, stack(0x0000001c4fc00000,0x0000001c4fd00000)]
=>0x000001d44eeda000 JavaThread "C2 CompilerThread0" daemon [_thread_in_native, id=119144, stack(0x0000001c4fd00000,0x0000001c4fe00000)]
  0x000001d44eedb800 JavaThread "C1 CompilerThread0" daemon [_thread_in_native, id=119200, stack(0x0000001c4fe00000,0x0000001c4ff00000)]
  0x000001d44f8a1000 JavaThread "Sweeper thread" daemon [_thread_blocked, id=103572, stack(0x0000001c4ff00000,0x0000001c50000000)]
  0x000001d44f9a8000 JavaThread "Common-Cleaner" daemon [_thread_blocked, id=117980, stack(0x0000001c50100000,0x0000001c50200000)]
  0x000001d45030e800 JavaThread "/127.0.0.1:51998 to /127.0.0.1:51996 workers" [_thread_blocked, id=119304, stack(0x0000001c50600000,0x0000001c50700000)]
  0x000001d4503df000 JavaThread "/127.0.0.1:51998 to /127.0.0.1:51996 workers Thread 2" [_thread_blocked, id=37592, stack(0x0000001c50700000,0x0000001c50800000)]
  0x000001d450375800 JavaThread "/127.0.0.1:51998 to /127.0.0.1:51996 workers Thread 3" [_thread_in_native, id=114572, stack(0x0000001c50800000,0x0000001c50900000)]
  0x000001d4512ca000 JavaThread "ForkJoinPool.commonPool-worker-3" daemon [_thread_in_vm, id=114576, stack(0x0000001c50a00000,0x0000001c50b00000)]
  0x000001d45135d800 JavaThread "HttpClient-1-SelectorManager" daemon [_thread_in_native, id=114052, stack(0x0000001c50b00000,0x0000001c50c00000)]
  0x000001d45135e000 JavaThread "External Process Output Forwarder - C:\Users\mahdi\.cache\selenium\chromedriver\win64\132.0.6834.159\chromedriver.exe" daemon [_thread_in_native, id=119380, stack(0x0000001c50c00000,0x0000001c50d00000)]
  0x000001d45127f000 JavaThread "Driver Service Executor" daemon [_thread_blocked, id=114824, stack(0x0000001c50d00000,0x0000001c50e00000)]
  0x000001d45127f800 JavaThread "Driver Service Executor" daemon [_thread_in_native, id=104764, stack(0x0000001c50e00000,0x0000001c50f00000)]
  0x000001d451444000 JavaThread "UrlChecker-2" daemon [_thread_blocked, id=118576, stack(0x0000001c50f00000,0x0000001c51000000)]
  0x000001d451667000 JavaThread "pool-1-thread-1" [_thread_blocked, id=115888, stack(0x0000001c51100000,0x0000001c51200000)]
  0x000001d451667800 JavaThread "pool-1-thread-2" [_thread_blocked, id=113628, stack(0x0000001c51200000,0x0000001c51300000)]
  0x000001d451669800 JavaThread "pool-1-thread-3" [_thread_blocked, id=118548, stack(0x0000001c51300000,0x0000001c51400000)]
  0x000001d451668800 JavaThread "HttpClient-2-SelectorManager" daemon [_thread_in_native, id=120596, stack(0x0000001c51000000,0x0000001c51100000)]
  0x000001d45166a000 JavaThread "pool-2-thread-1" [_thread_blocked, id=120600, stack(0x0000001c51400000,0x0000001c51500000)]
  0x000001d45166b000 JavaThread "pool-2-thread-2" [_thread_blocked, id=120604, stack(0x0000001c51500000,0x0000001c51600000)]
  0x000001d451665800 JavaThread "pool-2-thread-3" [_thread_blocked, id=120608, stack(0x0000001c51600000,0x0000001c51700000)]

Other Threads:
  0x000001d44ee8b800 VMThread "VM Thread" [stack: 0x0000001c4f700000,0x0000001c4f800000] [id=118212]
  0x000001d44f99f000 WatcherThread [stack: 0x0000001c50000000,0x0000001c50100000] [id=118644]
  0x000001d433f4f800 GCTaskThread "GC Thread#0" [stack: 0x0000001c4f200000,0x0000001c4f300000] [id=119332]
  0x000001d45029b000 GCTaskThread "GC Thread#1" [stack: 0x0000001c50300000,0x0000001c50400000] [id=119792]
  0x000001d45029e000 GCTaskThread "GC Thread#2" [stack: 0x0000001c50400000,0x0000001c50500000] [id=117268]
  0x000001d4503d3800 GCTaskThread "GC Thread#3" [stack: 0x0000001c50900000,0x0000001c50a00000] [id=119292]
  0x000001d433f5f800 ConcurrentGCThread "G1 Main Marker" [stack: 0x0000001c4f300000,0x0000001c4f400000] [id=117120]
  0x000001d433f62000 ConcurrentGCThread "G1 Conc#0" [stack: 0x0000001c4f400000,0x0000001c4f500000] [id=117824]
  0x000001d44ed00800 ConcurrentGCThread "G1 Refine#0" [stack: 0x0000001c4f500000,0x0000001c4f600000] [id=118280]
  0x000001d44fa13800 ConcurrentGCThread "G1 Refine#1" [stack: 0x0000001c50500000,0x0000001c50600000] [id=118660]
  0x000001d44ed01800 ConcurrentGCThread "G1 Young RemSet Sampling" [stack: 0x0000001c4f600000,0x0000001c4f700000] [id=116428]

Threads with active compile tasks:
C2 CompilerThread0     9818 2518       4       jdk.internal.org.objectweb.asm.Frame::execute (2264 bytes)
C1 CompilerThread0     9818 2559       3       java.lang.String::split (324 bytes)

VM state:not at safepoint (normal execution)

VM Mutex/Monitor currently owned by a thread: None

Heap address: 0x00000000e0000000, size: 512 MB, Compressed Oops mode: 32-bit
Narrow klass base: 0x0000000000000000, Narrow klass shift: 3
Compressed class space size: 1073741824 Address: 0x0000000100000000

Heap:
 garbage-first heap   total 129024K, used 55597K [0x00000000e0000000, 0x0000000100000000)
  region size 1024K, 49 young (50176K), 5 survivors (5120K)
 Metaspace       used 29808K, capacity 31129K, committed 31232K, reserved 1081344K
  class space    used 3524K, capacity 4081K, committed 4096K, reserved 1048576K
Heap Regions: E=young(eden), S=young(survivor), O=old, HS=humongous(starts), HC=humongous(continues), CS=collection set, F=free, A=archive, TAMS=top-at-mark-start (previous, next)
|   0|0x00000000e0000000, 0x00000000e0100000, 0x00000000e0100000|100%|HS|  |TAMS 0x00000000e0100000, 0x00000000e0000000| Complete 
|   1|0x00000000e0100000, 0x00000000e0200000, 0x00000000e0200000|100%| O|  |TAMS 0x00000000e0200000, 0x00000000e0100000| Untracked 
|   2|0x00000000e0200000, 0x00000000e0300000, 0x00000000e0300000|100%| O|  |TAMS 0x00000000e0300000, 0x00000000e0200000| Untracked 
|   3|0x00000000e0300000, 0x00000000e0400000, 0x00000000e0400000|100%| O|  |TAMS 0x00000000e0400000, 0x00000000e0300000| Untracked 
|   4|0x00000000e0400000, 0x00000000e0500000, 0x00000000e0500000|100%| O|  |TAMS 0x00000000e0500000, 0x00000000e0400000| Untracked 
|   5|0x00000000e0500000, 0x00000000e0600000, 0x00000000e0600000|100%| O|  |TAMS 0x00000000e0600000, 0x00000000e0500000| Untracked 
|   6|0x00000000e0600000, 0x00000000e06b7c00, 0x00000000e0700000| 71%| O|  |TAMS 0x00000000e06b7c00, 0x00000000e0600000| Untracked 
|   7|0x00000000e0700000, 0x00000000e0700000, 0x00000000e0800000|  0%| F|  |TAMS 0x00000000e0700000, 0x00000000e0700000| Untracked 
|   8|0x00000000e0800000, 0x00000000e0800000, 0x00000000e0900000|  0%| F|  |TAMS 0x00000000e0800000, 0x00000000e0800000| Untracked 
|   9|0x00000000e0900000, 0x00000000e0900000, 0x00000000e0a00000|  0%| F|  |TAMS 0x00000000e0900000, 0x00000000e0900000| Untracked 
|  10|0x00000000e0a00000, 0x00000000e0a00000, 0x00000000e0b00000|  0%| F|  |TAMS 0x00000000e0a00000, 0x00000000e0a00000| Untracked 
|  11|0x00000000e0b00000, 0x00000000e0b00000, 0x00000000e0c00000|  0%| F|  |TAMS 0x00000000e0b00000, 0x00000000e0b00000| Untracked 
|  12|0x00000000e0c00000, 0x00000000e0c00000, 0x00000000e0d00000|  0%| F|  |TAMS 0x00000000e0c00000, 0x00000000e0c00000| Untracked 
|  13|0x00000000e0d00000, 0x00000000e0d00000, 0x00000000e0e00000|  0%| F|  |TAMS 0x00000000e0d00000, 0x00000000e0d00000| Untracked 
|  14|0x00000000e0e00000, 0x00000000e0e00000, 0x00000000e0f00000|  0%| F|  |TAMS 0x00000000e0e00000, 0x00000000e0e00000| Untracked 
|  15|0x00000000e0f00000, 0x00000000e0f00000, 0x00000000e1000000|  0%| F|  |TAMS 0x00000000e0f00000, 0x00000000e0f00000| Untracked 
|  16|0x00000000e1000000, 0x00000000e1000000, 0x00000000e1100000|  0%| F|  |TAMS 0x00000000e1000000, 0x00000000e1000000| Untracked 
|  17|0x00000000e1100000, 0x00000000e1100000, 0x00000000e1200000|  0%| F|  |TAMS 0x00000000e1100000, 0x00000000e1100000| Untracked 
|  18|0x00000000e1200000, 0x00000000e1200000, 0x00000000e1300000|  0%| F|  |TAMS 0x00000000e1200000, 0x00000000e1200000| Untracked 
|  19|0x00000000e1300000, 0x00000000e1300000, 0x00000000e1400000|  0%| F|  |TAMS 0x00000000e1300000, 0x00000000e1300000| Untracked 
|  20|0x00000000e1400000, 0x00000000e1400000, 0x00000000e1500000|  0%| F|  |TAMS 0x00000000e1400000, 0x00000000e1400000| Untracked 
|  21|0x00000000e1500000, 0x00000000e1500000, 0x00000000e1600000|  0%| F|  |TAMS 0x00000000e1500000, 0x00000000e1500000| Untracked 
|  22|0x00000000e1600000, 0x00000000e1600000, 0x00000000e1700000|  0%| F|  |TAMS 0x00000000e1600000, 0x00000000e1600000| Untracked 
|  23|0x00000000e1700000, 0x00000000e1700000, 0x00000000e1800000|  0%| F|  |TAMS 0x00000000e1700000, 0x00000000e1700000| Untracked 
|  24|0x00000000e1800000, 0x00000000e1800000, 0x00000000e1900000|  0%| F|  |TAMS 0x00000000e1800000, 0x00000000e1800000| Untracked 
|  25|0x00000000e1900000, 0x00000000e1900000, 0x00000000e1a00000|  0%| F|  |TAMS 0x00000000e1900000, 0x00000000e1900000| Untracked 
|  26|0x00000000e1a00000, 0x00000000e1a00000, 0x00000000e1b00000|  0%| F|  |TAMS 0x00000000e1a00000, 0x00000000e1a00000| Untracked 
|  27|0x00000000e1b00000, 0x00000000e1b00000, 0x00000000e1c00000|  0%| F|  |TAMS 0x00000000e1b00000, 0x00000000e1b00000| Untracked 
|  28|0x00000000e1c00000, 0x00000000e1c00000, 0x00000000e1d00000|  0%| F|  |TAMS 0x00000000e1c00000, 0x00000000e1c00000| Untracked 
|  29|0x00000000e1d00000, 0x00000000e1d00000, 0x00000000e1e00000|  0%| F|  |TAMS 0x00000000e1d00000, 0x00000000e1d00000| Untracked 
|  30|0x00000000e1e00000, 0x00000000e1e00000, 0x00000000e1f00000|  0%| F|  |TAMS 0x00000000e1e00000, 0x00000000e1e00000| Untracked 
|  31|0x00000000e1f00000, 0x00000000e1f00000, 0x00000000e2000000|  0%| F|  |TAMS 0x00000000e1f00000, 0x00000000e1f00000| Untracked 
|  32|0x00000000e2000000, 0x00000000e2000000, 0x00000000e2100000|  0%| F|  |TAMS 0x00000000e2000000, 0x00000000e2000000| Untracked 
|  33|0x00000000e2100000, 0x00000000e2100000, 0x00000000e2200000|  0%| F|  |TAMS 0x00000000e2100000, 0x00000000e2100000| Untracked 
|  34|0x00000000e2200000, 0x00000000e2200000, 0x00000000e2300000|  0%| F|  |TAMS 0x00000000e2200000, 0x00000000e2200000| Untracked 
|  35|0x00000000e2300000, 0x00000000e2300000, 0x00000000e2400000|  0%| F|  |TAMS 0x00000000e2300000, 0x00000000e2300000| Untracked 
|  36|0x00000000e2400000, 0x00000000e2400000, 0x00000000e2500000|  0%| F|  |TAMS 0x00000000e2400000, 0x00000000e2400000| Untracked 
|  37|0x00000000e2500000, 0x00000000e2500000, 0x00000000e2600000|  0%| F|  |TAMS 0x00000000e2500000, 0x00000000e2500000| Untracked 
|  38|0x00000000e2600000, 0x00000000e2600000, 0x00000000e2700000|  0%| F|  |TAMS 0x00000000e2600000, 0x00000000e2600000| Untracked 
|  39|0x00000000e2700000, 0x00000000e2700000, 0x00000000e2800000|  0%| F|  |TAMS 0x00000000e2700000, 0x00000000e2700000| Untracked 
|  40|0x00000000e2800000, 0x00000000e2800000, 0x00000000e2900000|  0%| F|  |TAMS 0x00000000e2800000, 0x00000000e2800000| Untracked 
|  41|0x00000000e2900000, 0x00000000e2900000, 0x00000000e2a00000|  0%| F|  |TAMS 0x00000000e2900000, 0x00000000e2900000| Untracked 
|  42|0x00000000e2a00000, 0x00000000e2a00000, 0x00000000e2b00000|  0%| F|  |TAMS 0x00000000e2a00000, 0x00000000e2a00000| Untracked 
|  43|0x00000000e2b00000, 0x00000000e2b00000, 0x00000000e2c00000|  0%| F|  |TAMS 0x00000000e2b00000, 0x00000000e2b00000| Untracked 
|  44|0x00000000e2c00000, 0x00000000e2c00000, 0x00000000e2d00000|  0%| F|  |TAMS 0x00000000e2c00000, 0x00000000e2c00000| Untracked 
|  45|0x00000000e2d00000, 0x00000000e2d00000, 0x00000000e2e00000|  0%| F|  |TAMS 0x00000000e2d00000, 0x00000000e2d00000| Untracked 
|  46|0x00000000e2e00000, 0x00000000e2e00000, 0x00000000e2f00000|  0%| F|  |TAMS 0x00000000e2e00000, 0x00000000e2e00000| Untracked 
|  47|0x00000000e2f00000, 0x00000000e2f00000, 0x00000000e3000000|  0%| F|  |TAMS 0x00000000e2f00000, 0x00000000e2f00000| Untracked 
|  48|0x00000000e3000000, 0x00000000e3000000, 0x00000000e3100000|  0%| F|  |TAMS 0x00000000e3000000, 0x00000000e3000000| Untracked 
|  49|0x00000000e3100000, 0x00000000e3100000, 0x00000000e3200000|  0%| F|  |TAMS 0x00000000e3100000, 0x00000000e3100000| Untracked 
|  50|0x00000000e3200000, 0x00000000e3200000, 0x00000000e3300000|  0%| F|  |TAMS 0x00000000e3200000, 0x00000000e3200000| Untracked 
|  51|0x00000000e3300000, 0x00000000e3300000, 0x00000000e3400000|  0%| F|  |TAMS 0x00000000e3300000, 0x00000000e3300000| Untracked 
|  52|0x00000000e3400000, 0x00000000e3400000, 0x00000000e3500000|  0%| F|  |TAMS 0x00000000e3400000, 0x00000000e3400000| Untracked 
|  53|0x00000000e3500000, 0x00000000e3500000, 0x00000000e3600000|  0%| F|  |TAMS 0x00000000e3500000, 0x00000000e3500000| Untracked 
|  54|0x00000000e3600000, 0x00000000e3600000, 0x00000000e3700000|  0%| F|  |TAMS 0x00000000e3600000, 0x00000000e3600000| Untracked 
|  55|0x00000000e3700000, 0x00000000e3700000, 0x00000000e3800000|  0%| F|  |TAMS 0x00000000e3700000, 0x00000000e3700000| Untracked 
|  56|0x00000000e3800000, 0x00000000e3800000, 0x00000000e3900000|  0%| F|  |TAMS 0x00000000e3800000, 0x00000000e3800000| Untracked 
|  57|0x00000000e3900000, 0x00000000e3900000, 0x00000000e3a00000|  0%| F|  |TAMS 0x00000000e3900000, 0x00000000e3900000| Untracked 
|  58|0x00000000e3a00000, 0x00000000e3a00000, 0x00000000e3b00000|  0%| F|  |TAMS 0x00000000e3a00000, 0x00000000e3a00000| Untracked 
|  59|0x00000000e3b00000, 0x00000000e3b00000, 0x00000000e3c00000|  0%| F|  |TAMS 0x00000000e3b00000, 0x00000000e3b00000| Untracked 
|  60|0x00000000e3c00000, 0x00000000e3c00000, 0x00000000e3d00000|  0%| F|  |TAMS 0x00000000e3c00000, 0x00000000e3c00000| Untracked 
|  61|0x00000000e3d00000, 0x00000000e3d00000, 0x00000000e3e00000|  0%| F|  |TAMS 0x00000000e3d00000, 0x00000000e3d00000| Untracked 
|  62|0x00000000e3e00000, 0x00000000e3e00000, 0x00000000e3f00000|  0%| F|  |TAMS 0x00000000e3e00000, 0x00000000e3e00000| Untracked 
|  63|0x00000000e3f00000, 0x00000000e3f00000, 0x00000000e4000000|  0%| F|  |TAMS 0x00000000e3f00000, 0x00000000e3f00000| Untracked 
|  64|0x00000000e4000000, 0x00000000e4000000, 0x00000000e4100000|  0%| F|  |TAMS 0x00000000e4000000, 0x00000000e4000000| Untracked 
|  65|0x00000000e4100000, 0x00000000e4100000, 0x00000000e4200000|  0%| F|  |TAMS 0x00000000e4100000, 0x00000000e4100000| Untracked 
|  66|0x00000000e4200000, 0x00000000e4200000, 0x00000000e4300000|  0%| F|  |TAMS 0x00000000e4200000, 0x00000000e4200000| Untracked 
|  67|0x00000000e4300000, 0x00000000e4300000, 0x00000000e4400000|  0%| F|  |TAMS 0x00000000e4300000, 0x00000000e4300000| Untracked 
|  68|0x00000000e4400000, 0x00000000e4400000, 0x00000000e4500000|  0%| F|  |TAMS 0x00000000e4400000, 0x00000000e4400000| Untracked 
|  69|0x00000000e4500000, 0x00000000e4500000, 0x00000000e4600000|  0%| F|  |TAMS 0x00000000e4500000, 0x00000000e4500000| Untracked 
|  70|0x00000000e4600000, 0x00000000e4600000, 0x00000000e4700000|  0%| F|  |TAMS 0x00000000e4600000, 0x00000000e4600000| Untracked 
|  71|0x00000000e4700000, 0x00000000e4700000, 0x00000000e4800000|  0%| F|  |TAMS 0x00000000e4700000, 0x00000000e4700000| Untracked 
|  72|0x00000000e4800000, 0x00000000e4800000, 0x00000000e4900000|  0%| F|  |TAMS 0x00000000e4800000, 0x00000000e4800000| Untracked 
|  73|0x00000000e4900000, 0x00000000e4900000, 0x00000000e4a00000|  0%| F|  |TAMS 0x00000000e4900000, 0x00000000e4900000| Untracked 
|  74|0x00000000e4a00000, 0x00000000e4a00000, 0x00000000e4b00000|  0%| F|  |TAMS 0x00000000e4a00000, 0x00000000e4a00000| Untracked 
|  75|0x00000000e4b00000, 0x00000000e4b00000, 0x00000000e4c00000|  0%| F|  |TAMS 0x00000000e4b00000, 0x00000000e4b00000| Untracked 
|  76|0x00000000e4c00000, 0x00000000e4c00000, 0x00000000e4d00000|  0%| F|  |TAMS 0x00000000e4c00000, 0x00000000e4c00000| Untracked 
|  77|0x00000000e4d00000, 0x00000000e4d55d70, 0x00000000e4e00000| 33%| E|  |TAMS 0x00000000e4d00000, 0x00000000e4d00000| Complete 
|  78|0x00000000e4e00000, 0x00000000e4f00000, 0x00000000e4f00000|100%| E|CS|TAMS 0x00000000e4e00000, 0x00000000e4e00000| Complete 
|  79|0x00000000e4f00000, 0x00000000e5000000, 0x00000000e5000000|100%| E|CS|TAMS 0x00000000e4f00000, 0x00000000e4f00000| Complete 
|  80|0x00000000e5000000, 0x00000000e5100000, 0x00000000e5100000|100%| E|CS|TAMS 0x00000000e5000000, 0x00000000e5000000| Complete 
|  81|0x00000000e5100000, 0x00000000e5200000, 0x00000000e5200000|100%| E|CS|TAMS 0x00000000e5100000, 0x00000000e5100000| Complete 
|  82|0x00000000e5200000, 0x00000000e5300000, 0x00000000e5300000|100%| E|CS|TAMS 0x00000000e5200000, 0x00000000e5200000| Complete 
|  83|0x00000000e5300000, 0x00000000e5400000, 0x00000000e5400000|100%| E|CS|TAMS 0x00000000e5300000, 0x00000000e5300000| Complete 
|  84|0x00000000e5400000, 0x00000000e5500000, 0x00000000e5500000|100%| E|CS|TAMS 0x00000000e5400000, 0x00000000e5400000| Complete 
|  85|0x00000000e5500000, 0x00000000e5600000, 0x00000000e5600000|100%| E|CS|TAMS 0x00000000e5500000, 0x00000000e5500000| Complete 
|  86|0x00000000e5600000, 0x00000000e5700000, 0x00000000e5700000|100%| E|CS|TAMS 0x00000000e5600000, 0x00000000e5600000| Complete 
|  87|0x00000000e5700000, 0x00000000e5800000, 0x00000000e5800000|100%| E|CS|TAMS 0x00000000e5700000, 0x00000000e5700000| Complete 
|  88|0x00000000e5800000, 0x00000000e5900000, 0x00000000e5900000|100%| E|CS|TAMS 0x00000000e5800000, 0x00000000e5800000| Complete 
|  89|0x00000000e5900000, 0x00000000e5a00000, 0x00000000e5a00000|100%| E|CS|TAMS 0x00000000e5900000, 0x00000000e5900000| Complete 
|  90|0x00000000e5a00000, 0x00000000e5b00000, 0x00000000e5b00000|100%| E|CS|TAMS 0x00000000e5a00000, 0x00000000e5a00000| Complete 
|  91|0x00000000e5b00000, 0x00000000e5c00000, 0x00000000e5c00000|100%| E|CS|TAMS 0x00000000e5b00000, 0x00000000e5b00000| Complete 
|  92|0x00000000e5c00000, 0x00000000e5d00000, 0x00000000e5d00000|100%| E|CS|TAMS 0x00000000e5c00000, 0x00000000e5c00000| Complete 
|  93|0x00000000e5d00000, 0x00000000e5e00000, 0x00000000e5e00000|100%| E|CS|TAMS 0x00000000e5d00000, 0x00000000e5d00000| Complete 
|  94|0x00000000e5e00000, 0x00000000e5f00000, 0x00000000e5f00000|100%| E|CS|TAMS 0x00000000e5e00000, 0x00000000e5e00000| Complete 
|  95|0x00000000e5f00000, 0x00000000e6000000, 0x00000000e6000000|100%| E|CS|TAMS 0x00000000e5f00000, 0x00000000e5f00000| Complete 
|  96|0x00000000e6000000, 0x00000000e6100000, 0x00000000e6100000|100%| E|CS|TAMS 0x00000000e6000000, 0x00000000e6000000| Complete 
|  97|0x00000000e6100000, 0x00000000e6200000, 0x00000000e6200000|100%| E|CS|TAMS 0x00000000e6100000, 0x00000000e6100000| Complete 
|  98|0x00000000e6200000, 0x00000000e6300000, 0x00000000e6300000|100%| E|CS|TAMS 0x00000000e6200000, 0x00000000e6200000| Complete 
|  99|0x00000000e6300000, 0x00000000e6400000, 0x00000000e6400000|100%| E|CS|TAMS 0x00000000e6300000, 0x00000000e6300000| Complete 
| 100|0x00000000e6400000, 0x00000000e6500000, 0x00000000e6500000|100%| E|CS|TAMS 0x00000000e6400000, 0x00000000e6400000| Complete 
| 101|0x00000000e6500000, 0x00000000e6600000, 0x00000000e6600000|100%| E|CS|TAMS 0x00000000e6500000, 0x00000000e6500000| Complete 
| 102|0x00000000e6600000, 0x00000000e6700000, 0x00000000e6700000|100%| E|CS|TAMS 0x00000000e6600000, 0x00000000e6600000| Complete 
| 103|0x00000000e6700000, 0x00000000e6800000, 0x00000000e6800000|100%| E|CS|TAMS 0x00000000e6700000, 0x00000000e6700000| Complete 
| 104|0x00000000e6800000, 0x00000000e6900000, 0x00000000e6900000|100%| E|CS|TAMS 0x00000000e6800000, 0x00000000e6800000| Complete 
| 105|0x00000000e6900000, 0x00000000e6a00000, 0x00000000e6a00000|100%| E|CS|TAMS 0x00000000e6900000, 0x00000000e6900000| Complete 
| 106|0x00000000e6a00000, 0x00000000e6b00000, 0x00000000e6b00000|100%| E|CS|TAMS 0x00000000e6a00000, 0x00000000e6a00000| Complete 
| 107|0x00000000e6b00000, 0x00000000e6c00000, 0x00000000e6c00000|100%| E|CS|TAMS 0x00000000e6b00000, 0x00000000e6b00000| Complete 
| 108|0x00000000e6c00000, 0x00000000e6c939a0, 0x00000000e6d00000| 57%| S|CS|TAMS 0x00000000e6c00000, 0x00000000e6c00000| Complete 
| 109|0x00000000e6d00000, 0x00000000e6e00000, 0x00000000e6e00000|100%| S|CS|TAMS 0x00000000e6d00000, 0x00000000e6d00000| Complete 
| 110|0x00000000e6e00000, 0x00000000e6f00000, 0x00000000e6f00000|100%| S|CS|TAMS 0x00000000e6e00000, 0x00000000e6e00000| Complete 
| 111|0x00000000e6f00000, 0x00000000e7000000, 0x00000000e7000000|100%| S|CS|TAMS 0x00000000e6f00000, 0x00000000e6f00000| Complete 
| 112|0x00000000e7000000, 0x00000000e7100000, 0x00000000e7100000|100%| S|CS|TAMS 0x00000000e7000000, 0x00000000e7000000| Complete 
| 113|0x00000000e7100000, 0x00000000e7200000, 0x00000000e7200000|100%| E|CS|TAMS 0x00000000e7100000, 0x00000000e7100000| Complete 
| 114|0x00000000e7200000, 0x00000000e7300000, 0x00000000e7300000|100%| E|CS|TAMS 0x00000000e7200000, 0x00000000e7200000| Complete 
| 115|0x00000000e7300000, 0x00000000e7400000, 0x00000000e7400000|100%| E|CS|TAMS 0x00000000e7300000, 0x00000000e7300000| Complete 
| 116|0x00000000e7400000, 0x00000000e7500000, 0x00000000e7500000|100%| E|CS|TAMS 0x00000000e7400000, 0x00000000e7400000| Complete 
| 117|0x00000000e7500000, 0x00000000e7600000, 0x00000000e7600000|100%| E|CS|TAMS 0x00000000e7500000, 0x00000000e7500000| Complete 
| 118|0x00000000e7600000, 0x00000000e7700000, 0x00000000e7700000|100%| E|CS|TAMS 0x00000000e7600000, 0x00000000e7600000| Complete 
| 119|0x00000000e7700000, 0x00000000e7800000, 0x00000000e7800000|100%| E|CS|TAMS 0x00000000e7700000, 0x00000000e7700000| Complete 
| 120|0x00000000e7800000, 0x00000000e7900000, 0x00000000e7900000|100%| E|CS|TAMS 0x00000000e7800000, 0x00000000e7800000| Complete 
| 121|0x00000000e7900000, 0x00000000e7a00000, 0x00000000e7a00000|100%| E|CS|TAMS 0x00000000e7900000, 0x00000000e7900000| Complete 
| 122|0x00000000e7a00000, 0x00000000e7b00000, 0x00000000e7b00000|100%| E|CS|TAMS 0x00000000e7a00000, 0x00000000e7a00000| Complete 
| 123|0x00000000e7b00000, 0x00000000e7c00000, 0x00000000e7c00000|100%| E|CS|TAMS 0x00000000e7b00000, 0x00000000e7b00000| Complete 
| 124|0x00000000e7c00000, 0x00000000e7d00000, 0x00000000e7d00000|100%| E|CS|TAMS 0x00000000e7c00000, 0x00000000e7c00000| Complete 
| 125|0x00000000e7d00000, 0x00000000e7e00000, 0x00000000e7e00000|100%| E|CS|TAMS 0x00000000e7d00000, 0x00000000e7d00000| Complete 

Card table byte_map: [0x000001d44b6b0000,0x000001d44b7b0000] _byte_map_base: 0x000001d44afb0000

Marking Bits (Prev, Next): (CMBitMap*) 0x000001d433f5cc40, (CMBitMap*) 0x000001d433f5cc08
 Prev Bits: [0x000001d44c0b0000, 0x000001d44c8b0000)
 Next Bits: [0x000001d44b8b0000, 0x000001d44c0b0000)

Polling page: 0x000001d431ea0000

Metaspace:

Usage:
  Non-class:     26.48 MB capacity,    25.72 MB ( 97%) used,   632.76 KB (  2%) free+waste,   139.88 KB ( <1%) overhead. 
      Class:      3.99 MB capacity,     3.45 MB ( 87%) used,   479.32 KB ( 12%) free+waste,    71.31 KB (  2%) overhead. 
       Both:     30.46 MB capacity,    29.17 MB ( 96%) used,     1.09 MB (  4%) free+waste,   211.19 KB ( <1%) overhead. 

Virtual space:
  Non-class space:       32.00 MB reserved,      26.50 MB ( 83%) committed 
      Class space:        1.00 GB reserved,       4.00 MB ( <1%) committed 
             Both:        1.03 GB reserved,      30.50 MB (  3%) committed 

Chunk freelists:
   Non-Class:  22.00 KB
       Class:  14.00 KB
        Both:  36.00 KB

MaxMetaspaceSize: 17179869184.00 GB
CompressedClassSpaceSize: 1.00 GB
Initial GC threshold: 20.80 MB
Current GC threshold: 35.00 MB
CDS: off

CodeHeap 'non-profiled nmethods': size=120064Kb used=1059Kb max_used=1059Kb free=119005Kb
 bounds [0x000001d444170000, 0x000001d4443e0000, 0x000001d44b6b0000]
CodeHeap 'profiled nmethods': size=120000Kb used=5308Kb max_used=5308Kb free=114691Kb
 bounds [0x000001d43cc40000, 0x000001d43d170000, 0x000001d444170000]
CodeHeap 'non-nmethods': size=5696Kb used=1258Kb max_used=1269Kb free=4437Kb
 bounds [0x000001d43c6b0000, 0x000001d43c920000, 0x000001d43cc40000]
 total_blobs=3069 nmethods=2540 adapters=441
 compilation: enabled
              stopped_count=0, restarted_count=0
 full_count=0

Compilation events (20 events):
Event: 9.754 Thread 0x000001d44eedb800 nmethod 2549 0x000001d43d16b490 code [0x000001d43d16b700, 0x000001d43d16c188]
Event: 9.754 Thread 0x000001d44eedb800 2547       3       java.lang.invoke.MethodHandles::foldArguments (100 bytes)
Event: 9.755 Thread 0x000001d44eedb800 nmethod 2547 0x000001d43d16c610 code [0x000001d43d16c860, 0x000001d43d16d218]
Event: 9.755 Thread 0x000001d44eedb800 2552       3       java.lang.invoke.LambdaFormEditor$Transform::packedBytes (39 bytes)
Event: 9.755 Thread 0x000001d44eedb800 nmethod 2552 0x000001d43d16d690 code [0x000001d43d16d840, 0x000001d43d16d938]
Event: 9.755 Thread 0x000001d44eedb800 2548       3       java.lang.invoke.MethodType::insertParameterTypes (10 bytes)
Event: 9.755 Thread 0x000001d44eedb800 nmethod 2548 0x000001d43d16da10 code [0x000001d43d16dc00, 0x000001d43d16e038]
Event: 9.755 Thread 0x000001d44eedb800 2551       1       java.lang.ClassValue$ClassValueMap::getCache (5 bytes)
Event: 9.756 Thread 0x000001d44eedb800 nmethod 2551 0x000001d444277d10 code [0x000001d444277ec0, 0x000001d444277f78]
Event: 9.756 Thread 0x000001d44eedb800 2553       3       java.lang.invoke.DirectMethodHandle$Holder::invokeStatic (20 bytes)
Event: 9.756 Thread 0x000001d44eedb800 nmethod 2553 0x000001d43d16e190 code [0x000001d43d16e360, 0x000001d43d16e898]
Event: 9.756 Thread 0x000001d44eedb800 2554       1       java.lang.invoke.StringConcatFactory$Recipe::getElements (5 bytes)
Event: 9.756 Thread 0x000001d44eedb800 nmethod 2554 0x000001d444278010 code [0x000001d4442781c0, 0x000001d444278278]
Event: 9.756 Thread 0x000001d44eedb800 2555       1       java.util.Collections$EmptySet::contains (2 bytes)
Event: 9.756 Thread 0x000001d44eedb800 nmethod 2555 0x000001d444278310 code [0x000001d4442784c0, 0x000001d444278578]
Event: 9.756 Thread 0x000001d44eedb800 2556       3       java.lang.invoke.LambdaFormEditor$Transform::of (9 bytes)
Event: 9.756 Thread 0x000001d44eedb800 nmethod 2556 0x000001d43d16ea10 code [0x000001d43d16ebc0, 0x000001d43d16ecc8]
Event: 9.757 Thread 0x000001d44eedb800 2557       3       java.util.stream.ReduceOps$3ReducingSink::accept (15 bytes)
Event: 9.757 Thread 0x000001d44eedb800 nmethod 2557 0x000001d43d16ed90 code [0x000001d43d16ef40, 0x000001d43d16f108]
Event: 9.757 Thread 0x000001d44eedb800 2559       3       java.lang.String::split (324 bytes)

GC Heap History (8 events):
Event: 0.676 GC heap before
{Heap before GC invocations=0 (full 0):
 garbage-first heap   total 129024K, used 15360K [0x00000000e0000000, 0x0000000100000000)
  region size 1024K, 14 young (14336K), 0 survivors (0K)
 Metaspace       used 10986K, capacity 11238K, committed 11520K, reserved 1058816K
  class space    used 1090K, capacity 1179K, committed 1280K, reserved 1048576K
}
Event: 0.682 GC heap after
{Heap after GC invocations=1 (full 0):
 garbage-first heap   total 129024K, used 6765K [0x00000000e0000000, 0x0000000100000000)
  region size 1024K, 2 young (2048K), 2 survivors (2048K)
 Metaspace       used 10986K, capacity 11238K, committed 11520K, reserved 1058816K
  class space    used 1090K, capacity 1179K, committed 1280K, reserved 1048576K
}
Event: 1.048 GC heap before
{Heap before GC invocations=1 (full 0):
 garbage-first heap   total 129024K, used 10861K [0x00000000e0000000, 0x0000000100000000)
  region size 1024K, 6 young (6144K), 2 survivors (2048K)
 Metaspace       used 12650K, capacity 12904K, committed 13056K, reserved 1060864K
  class space    used 1310K, capacity 1416K, committed 1536K, reserved 1048576K
}
Event: 1.052 GC heap after
{Heap after GC invocations=2 (full 0):
 garbage-first heap   total 129024K, used 7327K [0x00000000e0000000, 0x0000000100000000)
  region size 1024K, 1 young (1024K), 1 survivors (1024K)
 Metaspace       used 12650K, capacity 12904K, committed 13056K, reserved 1060864K
  class space    used 1310K, capacity 1416K, committed 1536K, reserved 1048576K
}
Event: 1.672 GC heap before
{Heap before GC invocations=2 (full 0):
 garbage-first heap   total 129024K, used 28831K [0x00000000e0000000, 0x0000000100000000)
  region size 1024K, 22 young (22528K), 1 survivors (1024K)
 Metaspace       used 18131K, capacity 18794K, committed 18944K, reserved 1067008K
  class space    used 1997K, capacity 2266K, committed 2304K, reserved 1048576K
}
Event: 1.676 GC heap after
{Heap after GC invocations=3 (full 0):
 garbage-first heap   total 129024K, used 9252K [0x00000000e0000000, 0x0000000100000000)
  region size 1024K, 3 young (3072K), 3 survivors (3072K)
 Metaspace       used 18131K, capacity 18794K, committed 18944K, reserved 1067008K
  class space    used 1997K, capacity 2266K, committed 2304K, reserved 1048576K
}
Event: 1.987 GC heap before
{Heap before GC invocations=3 (full 0):
 garbage-first heap   total 129024K, used 21540K [0x00000000e0000000, 0x0000000100000000)
  region size 1024K, 16 young (16384K), 3 survivors (3072K)
 Metaspace       used 20510K, capacity 21226K, committed 21248K, reserved 1069056K
  class space    used 2255K, capacity 2544K, committed 2560K, reserved 1048576K
}
Event: 1.995 GC heap after
{Heap after GC invocations=4 (full 0):
 garbage-first heap   total 129024K, used 11565K [0x00000000e0000000, 0x0000000100000000)
  region size 1024K, 5 young (5120K), 5 survivors (5120K)
 Metaspace       used 20510K, capacity 21226K, committed 21248K, reserved 1069056K
  class space    used 2255K, capacity 2544K, committed 2560K, reserved 1048576K
}

Deoptimization events (20 events):
Event: 3.994 Thread 0x000001d433f3b000 Uncommon trap: trap_request=0xffffff4d fr.pc=0x000001d4441e9a50 relative=0x0000000000000090
Event: 3.994 Thread 0x000001d433f3b000 Uncommon trap: reason=unstable_if action=reinterpret pc=0x000001d4441e9a50 method=sun.reflect.generics.parser.SignatureParser.current()C @ 39 c2
Event: 3.994 Thread 0x000001d433f3b000 DEOPT PACKING pc=0x000001d4441e9a50 sp=0x0000001c4f1f9ea0
Event: 3.994 Thread 0x000001d433f3b000 DEOPT UNPACKING pc=0x000001d43c6b85af sp=0x0000001c4f1f9e38 mode 2
Event: 3.999 Thread 0x000001d433f3b000 Uncommon trap: trap_request=0xffffff4d fr.pc=0x000001d444239884 relative=0x0000000000000464
Event: 3.999 Thread 0x000001d433f3b000 Uncommon trap: reason=unstable_if action=reinterpret pc=0x000001d444239884 method=jdk.internal.org.objectweb.asm.Type.getArgumentsAndReturnSizes(Ljava/lang/String;)I @ 41 c2
Event: 3.999 Thread 0x000001d433f3b000 DEOPT PACKING pc=0x000001d444239884 sp=0x0000001c4f1f9390
Event: 3.999 Thread 0x000001d433f3b000 DEOPT UNPACKING pc=0x000001d43c6b85af sp=0x0000001c4f1f9320 mode 2
Event: 4.092 Thread 0x000001d433f3b000 DEOPT PACKING pc=0x000001d43cfd2318 sp=0x0000001c4f1f94d0
Event: 4.092 Thread 0x000001d433f3b000 DEOPT UNPACKING pc=0x000001d43c6f9d0e sp=0x0000001c4f1f89d0 mode 0
Event: 9.663 Thread 0x000001d451667800 Uncommon trap: trap_request=0xffffff76 fr.pc=0x000001d44426e490 relative=0x0000000000000070
Event: 9.663 Thread 0x000001d451667800 Uncommon trap: reason=loop_limit_check action=maybe_recompile pc=0x000001d44426e490 method=java.lang.invoke.LambdaForm$Name.useCount(Ljava/lang/invoke/LambdaForm$Name;)I @ 21 c2
Event: 9.663 Thread 0x000001d451667800 DEOPT PACKING pc=0x000001d44426e490 sp=0x0000001c512fc760
Event: 9.663 Thread 0x000001d451667800 DEOPT UNPACKING pc=0x000001d43c6b85af sp=0x0000001c512fc6f0 mode 2
Event: 9.682 Thread 0x000001d451667800 Uncommon trap: trap_request=0xffffffcc fr.pc=0x000001d444267d6c relative=0x00000000000001ac
Event: 9.682 Thread 0x000001d451667800 Uncommon trap: reason=intrinsic_or_type_checked_inlining action=make_not_entrant pc=0x000001d444267d6c method=java.util.Arrays.copyOf([Ljava/lang/Object;ILjava/lang/Class;)[Ljava/lang/Object; @ 35 c2
Event: 9.682 Thread 0x000001d451667800 DEOPT PACKING pc=0x000001d444267d6c sp=0x0000001c512fce20
Event: 9.682 Thread 0x000001d451667800 DEOPT UNPACKING pc=0x000001d43c6b85af sp=0x0000001c512fcdb0 mode 2
Event: 9.739 Thread 0x000001d433f3b000 DEOPT PACKING pc=0x000001d43d118b79 sp=0x0000001c4f1f96b0
Event: 9.739 Thread 0x000001d433f3b000 DEOPT UNPACKING pc=0x000001d43c6f9d0e sp=0x0000001c4f1f8bf8 mode 0

Classes redefined (0 events):
No events

Internal exceptions (20 events):
Event: 4.000 Thread 0x000001d433f3b000 Exception <a 'java/lang/NoSuchMethodError'{0x00000000e59667f0}: 'float java.lang.invoke.DirectMethodHandle$Holder.invokeVirtual(java.lang.Object, java.lang.Object)'> (0x00000000e59667f0) thrown at [s\src\hotspot\share\interpreter\linkResolver.cpp, line 773]
Event: 4.001 Thread 0x000001d433f3b000 Exception <a 'java/lang/NoSuchMethodError'{0x00000000e596f2a0}: 'long java.lang.invoke.DirectMethodHandle$Holder.invokeVirtual(java.lang.Object, java.lang.Object)'> (0x00000000e596f2a0) thrown at [s\src\hotspot\share\interpreter\linkResolver.cpp, line 773]
Event: 4.031 Thread 0x000001d433f3b000 Exception <a 'java/lang/NoSuchMethodError'{0x00000000e58c3f28}: 'java.lang.Object java.lang.invoke.DirectMethodHandle$Holder.invokeStatic(java.lang.Object, java.lang.Object, java.lang.Object, java.lang.Object, java.lang.Object, java.lang.Object, java.lang.Object, java.lang.Object, java.lang.Object, java.lang.Object, java.lang.Object, int)'> (0x00000000e58c3f28) thrown at [s\src\hotspot\share\interpreter\linkResolver.cpp, line 773]
Event: 4.033 Thread 0x000001d433f3b000 Exception <a 'java/lang/NoSuchMethodError'{0x00000000e58e2940}: 'java.lang.Object java.lang.invoke.DirectMethodHandle$Holder.invokeStatic(java.lang.Object, java.lang.Object, java.lang.Object, java.lang.Object, java.lang.Object, java.lang.Object, java.lang.Object, java.lang.Object, java.lang.Object, java.lang.Object, java.lang.Object, int, int)'> (0x00000000e58e2940) thrown at [s\src\hotspot\share\interpreter\linkResolver.cpp, line 773]
Event: 4.036 Thread 0x000001d433f3b000 Exception <a 'java/lang/NoSuchMethodError'{0x00000000e57026a8}: 'java.lang.Object java.lang.invoke.DirectMethodHandle$Holder.invokeStatic(java.lang.Object, java.lang.Object, java.lang.Object, java.lang.Object, java.lang.Object, java.lang.Object, java.lang.Object, java.lang.Object, java.lang.Object, java.lang.Object, java.lang.Object, int, int, java.lang.Object)'> (0x00000000e57026a8) thrown at [s\src\hotspot\share\interpreter\linkResolver.cpp, line 773]
Event: 4.038 Thread 0x000001d433f3b000 Exception <a 'java/lang/NoSuchMethodError'{0x00000000e5723690}: 'java.lang.Object java.lang.invoke.DirectMethodHandle$Holder.invokeStatic(java.lang.Object, java.lang.Object, java.lang.Object, java.lang.Object, java.lang.Object, java.lang.Object, java.lang.Object, java.lang.Object, java.lang.Object, java.lang.Object, java.lang.Object, int, int, java.lang.Object, java.lang.Object)'> (0x00000000e5723690) thrown at [s\src\hotspot\share\interpreter\linkResolver.cpp, line 773]
Event: 4.040 Thread 0x000001d433f3b000 Exception <a 'java/lang/NoSuchMethodError'{0x00000000e573a3c8}: 'java.lang.Object java.lang.invoke.Invokers$Holder.linkToTargetMethod(java.lang.Object, int, int, java.lang.Object)'> (0x00000000e573a3c8) thrown at [s\src\hotspot\share\interpreter\linkResolver.cpp, line 773]
Event: 4.043 Thread 0x000001d433f3b000 Exception <a 'java/lang/NoSuchMethodError'{0x00000000e573db58}: 'void java.lang.invoke.DirectMethodHandle$Holder.invokeStatic(java.lang.Object, java.lang.Object, int)'> (0x00000000e573db58) thrown at [s\src\hotspot\share\interpreter\linkResolver.cpp, line 773]
Event: 4.128 Thread 0x000001d451667000 Exception <a 'java/lang/NoSuchMethodError'{0x00000000e55f80f0}: 'java.lang.Object java.lang.invoke.DirectMethodHandle$Holder.invokeStatic(java.lang.Object, java.lang.Object, java.lang.Object, java.lang.Object, java.lang.Object, java.lang.Object, java.lang.Object, java.lang.Object, java.lang.Object, java.lang.Object, java.lang.Object, java.lang.Object, java.lang.Object, java.lang.Object, java.lang.Object)'> (0x00000000e55f80f0) thrown at [s\src\hotspot\share\interpreter\linkResolver.cpp, line 773]
Event: 4.128 Thread 0x000001d451667000 Exception <a 'java/lang/NoSuchMethodError'{0x00000000e5406210}: 'java.lang.Object java.lang.invoke.DirectMethodHandle$Holder.invokeStatic(java.lang.Object, java.lang.Object, java.lang.Object, java.lang.Object, java.lang.Object, java.lang.Object, java.lang.Object, java.lang.Object, java.lang.Object, java.lang.Object, java.lang.Object, java.lang.Object, java.lang.Object, java.lang.Object, java.lang.Object, java.lang.Object)'> (0x00000000e5406210) thrown at [s\src\hotspot\share\interpreter\linkResolver.cpp, l
Event: 4.129 Thread 0x000001d451667000 Exception <a 'java/lang/NoSuchMethodError'{0x00000000e5413f58}: 'java.lang.Object java.lang.invoke.DirectMethodHandle$Holder.invokeSpecial(java.lang.Object, java.lang.Object, int, int, java.lang.Object, java.lang.Object, int)'> (0x00000000e5413f58) thrown at [s\src\hotspot\share\interpreter\linkResolver.cpp, line 773]
Event: 4.130 Thread 0x000001d451667000 Exception <a 'java/lang/NoSuchMethodError'{0x00000000e54173e8}: 'java.lang.Object java.lang.invoke.DelegatingMethodHandle$Holder.reinvoke_L(java.lang.Object, int, int, java.lang.Object, java.lang.Object, int)'> (0x00000000e54173e8) thrown at [s\src\hotspot\share\interpreter\linkResolver.cpp, line 773]
Event: 4.131 Thread 0x000001d451667000 Exception <a 'java/lang/NoSuchMethodError'{0x00000000e541b3d8}: 'java.lang.Object java.lang.invoke.DirectMethodHandle$Holder.invokeStatic(java.lang.Object, java.lang.Object, java.lang.Object, java.lang.Object, int)'> (0x00000000e541b3d8) thrown at [s\src\hotspot\share\interpreter\linkResolver.cpp, line 773]
Event: 4.134 Thread 0x000001d451667000 Exception <a 'java/lang/NoSuchMethodError'{0x00000000e5463b38}: 'java.lang.Object java.lang.invoke.DirectMethodHandle$Holder.invokeSpecial(java.lang.Object, java.lang.Object, java.lang.Object, java.lang.Object, int)'> (0x00000000e5463b38) thrown at [s\src\hotspot\share\interpreter\linkResolver.cpp, line 773]
Event: 4.134 Thread 0x000001d451667000 Exception <a 'java/lang/NoSuchMethodError'{0x00000000e5466ba0}: 'java.lang.Object java.lang.invoke.Invokers$Holder.linkToTargetMethod(java.lang.Object, java.lang.Object, int, java.lang.Object)'> (0x00000000e5466ba0) thrown at [s\src\hotspot\share\interpreter\linkResolver.cpp, line 773]
Event: 4.158 Thread 0x000001d451667000 Exception <a 'java/lang/NoSuchMethodError'{0x00000000e54de7e8}: 'long java.lang.invoke.DirectMethodHandle$Holder.invokeStatic(java.lang.Object, long, long)'> (0x00000000e54de7e8) thrown at [s\src\hotspot\share\interpreter\linkResolver.cpp, line 773]
Event: 9.690 Thread 0x000001d451667800 Exception <a 'java/lang/NoSuchMethodError'{0x00000000e52de810}: 'java.lang.Object java.lang.invoke.DirectMethodHandle$Holder.invokeStatic(java.lang.Object, java.lang.Object, java.lang.Object, java.lang.Object, java.lang.Object, java.lang.Object, java.lang.Object, java.lang.Object, java.lang.Object, java.lang.Object, java.lang.Object, java.lang.Object, java.lang.Object, int)'> (0x00000000e52de810) thrown at [s\src\hotspot\share\interpreter\linkResolver.cpp, line 773]
Event: 9.704 Thread 0x000001d451667800 Exception <a 'java/lang/NoSuchMethodError'{0x00000000e52eaf60}: 'java.lang.Object java.lang.invoke.DirectMethodHandle$Holder.invokeStatic(java.lang.Object, java.lang.Object, java.lang.Object, java.lang.Object, java.lang.Object, java.lang.Object, java.lang.Object, java.lang.Object, java.lang.Object, java.lang.Object, java.lang.Object, java.lang.Object, java.lang.Object, int, int)'> (0x00000000e52eaf60) thrown at [s\src\hotspot\share\interpreter\linkResolver.cpp, line 773]
Event: 9.715 Thread 0x000001d451667800 Exception <a 'java/lang/NoSuchMethodError'{0x00000000e5113328}: 'void java.lang.invoke.DirectMethodHandle$Holder.invokeSpecial(java.lang.Object, java.lang.Object, java.lang.Object, java.lang.Object, java.lang.Object, java.lang.Object, java.lang.Object)'> (0x00000000e5113328) thrown at [s\src\hotspot\share\interpreter\linkResolver.cpp, line 773]
Event: 9.739 Thread 0x000001d433f3b000 Exception <a 'java/lang/NoSuchMethodError'{0x00000000e5192148}: 'java.lang.Object java.lang.invoke.DirectMethodHandle$Holder.invokeSpecialIFC(java.lang.Object, java.lang.Object, java.lang.Object)'> (0x00000000e5192148) thrown at [s\src\hotspot\share\interpreter\linkResolver.cpp, line 773]

Events (20 events):
Event: 9.744 loading class org/openqa/selenium/Proxy
Event: 9.744 loading class org/openqa/selenium/Proxy done
Event: 9.744 loading class org/openqa/selenium/internal/Either
Event: 9.744 loading class org/openqa/selenium/internal/Either done
Event: 9.745 loading class org/openqa/selenium/internal/Either
Event: 9.745 loading class org/openqa/selenium/internal/Either done
Event: 9.745 loading class org/openqa/selenium/remote/ProtocolHandshake$Result
Event: 9.745 loading class org/openqa/selenium/remote/ProtocolHandshake$Result done
Event: 9.745 loading class org/openqa/selenium/remote/http/HttpResponse
Event: 9.745 loading class org/openqa/selenium/remote/http/HttpResponse done
Event: 9.745 loading class org/openqa/selenium/internal/Either
Event: 9.745 loading class org/openqa/selenium/internal/Either done
Event: 9.745 loading class org/openqa/selenium/remote/http/HttpResponse
Event: 9.745 loading class org/openqa/selenium/remote/http/HttpResponse done
Event: 9.746 loading class org/openqa/selenium/remote/codec/w3c/W3CHttpCommandCodec
Event: 9.746 loading class org/openqa/selenium/remote/codec/w3c/W3CHttpCommandCodec done
Event: 9.746 loading class org/openqa/selenium/remote/codec/AbstractHttpCommandCodec
Event: 9.746 loading class org/openqa/selenium/remote/codec/AbstractHttpCommandCodec done
Event: 9.748 loading class org/openqa/selenium/remote/codec/AbstractHttpCommandCodec$CommandSpec
Event: 9.748 loading class org/openqa/selenium/remote/codec/AbstractHttpCommandCodec$CommandSpec done


Dynamic libraries:
0x00007ff77f000000 - 0x00007ff77f00e000 	C:\Users\mahdi\.jdks\temurin-11.0.25\bin\java.exe
0x00007ffd6ba90000 - 0x00007ffd6bca7000 	C:\WINDOWS\SYSTEM32\ntdll.dll
0x00007ffd6aa20000 - 0x00007ffd6aae4000 	C:\WINDOWS\System32\KERNEL32.DLL
0x00007ffd68eb0000 - 0x00007ffd6926a000 	C:\WINDOWS\System32\KERNELBASE.dll
0x00007ffd69270000 - 0x00007ffd69381000 	C:\WINDOWS\System32\ucrtbase.dll
0x00007ffd65230000 - 0x00007ffd65247000 	C:\Users\mahdi\.jdks\temurin-11.0.25\bin\jli.dll
0x00007ffd51510000 - 0x00007ffd5152e000 	C:\Users\mahdi\.jdks\temurin-11.0.25\bin\VCRUNTIME140.dll
0x00007ffd6b8a0000 - 0x00007ffd6ba4e000 	C:\WINDOWS\System32\USER32.dll
0x00007ffd69390000 - 0x00007ffd693b6000 	C:\WINDOWS\System32\win32u.dll
0x00007ffd6aaf0000 - 0x00007ffd6ab19000 	C:\WINDOWS\System32\GDI32.dll
0x00007ffd69530000 - 0x00007ffd6964b000 	C:\WINDOWS\System32\gdi32full.dll
0x00007ffd68e10000 - 0x00007ffd68eaa000 	C:\WINDOWS\System32\msvcp_win.dll
0x00007ffd4b240000 - 0x00007ffd4b4d2000 	C:\WINDOWS\WinSxS\amd64_microsoft.windows.common-controls_6595b64144ccf1df_6.0.22621.4541_none_2710d1c57384c085\COMCTL32.dll
0x00007ffd6b630000 - 0x00007ffd6b6d7000 	C:\WINDOWS\System32\msvcrt.dll
0x00007ffd6b320000 - 0x00007ffd6b351000 	C:\WINDOWS\System32\IMM32.DLL
0x000000005a850000 - 0x000000005a85c000 	C:\Program Files (x86)\360\Total Security\safemon\SafeWrapper.dll
0x00007ffd6ab20000 - 0x00007ffd6abd2000 	C:\WINDOWS\System32\ADVAPI32.dll
0x00007ffd69cf0000 - 0x00007ffd69d97000 	C:\WINDOWS\System32\sechost.dll
0x00007ffd69750000 - 0x00007ffd69778000 	C:\WINDOWS\System32\bcrypt.dll
0x00007ffd6b510000 - 0x00007ffd6b624000 	C:\WINDOWS\System32\RPCRT4.dll
0x00007ffd21940000 - 0x00007ffd219ec000 	C:\Program Files (x86)\360\Total Security\safemon\libzdtp64.dll
0x00007ffd69da0000 - 0x00007ffd6a619000 	C:\WINDOWS\System32\SHELL32.dll
0x00007ffd69c20000 - 0x00007ffd69c7e000 	C:\WINDOWS\System32\SHLWAPI.dll
0x00007ffd689b0000 - 0x00007ffd689ba000 	C:\WINDOWS\SYSTEM32\VERSION.dll
0x00007ffd61000000 - 0x00007ffd6100c000 	C:\Users\mahdi\.jdks\temurin-11.0.25\bin\vcruntime140_1.dll
0x00007ffcf0d80000 - 0x00007ffcf0e0d000 	C:\Users\mahdi\.jdks\temurin-11.0.25\bin\msvcp140.dll
0x00007ffcdda60000 - 0x00007ffcde623000 	C:\Users\mahdi\.jdks\temurin-11.0.25\bin\server\jvm.dll
0x00007ffd6ad90000 - 0x00007ffd6ae01000 	C:\WINDOWS\System32\WS2_32.dll
0x00007ffd6ac70000 - 0x00007ffd6ac78000 	C:\WINDOWS\System32\PSAPI.DLL
0x00007ffd62260000 - 0x00007ffd62294000 	C:\WINDOWS\SYSTEM32\WINMM.dll
0x00007ffd67ce0000 - 0x00007ffd67cf8000 	C:\WINDOWS\SYSTEM32\kernel.appcore.dll
0x00007ffd52b70000 - 0x00007ffd52b80000 	C:\Users\mahdi\.jdks\temurin-11.0.25\bin\verify.dll
0x00007ffd66540000 - 0x00007ffd66772000 	C:\WINDOWS\SYSTEM32\DBGHELP.DLL
0x00007ffd6ae10000 - 0x00007ffd6b1a1000 	C:\WINDOWS\System32\combase.dll
0x00007ffd6b1c0000 - 0x00007ffd6b297000 	C:\WINDOWS\System32\OLEAUT32.dll
0x00007ffd568b0000 - 0x00007ffd568e2000 	C:\WINDOWS\SYSTEM32\dbgcore.DLL
0x00007ffd69650000 - 0x00007ffd696cb000 	C:\WINDOWS\System32\bcryptPrimitives.dll
0x00007ffd500f0000 - 0x00007ffd50118000 	C:\Users\mahdi\.jdks\temurin-11.0.25\bin\java.dll
0x00007ffd4f280000 - 0x00007ffd4f28a000 	C:\Users\mahdi\.jdks\temurin-11.0.25\bin\jimage.dll
0x00007ffd4a5a0000 - 0x00007ffd4a5b8000 	C:\Users\mahdi\.jdks\temurin-11.0.25\bin\zip.dll
0x00007ffd66bd0000 - 0x00007ffd674d9000 	C:\WINDOWS\SYSTEM32\windows.storage.dll
0x00007ffd66a90000 - 0x00007ffd66bcf000 	C:\WINDOWS\SYSTEM32\wintypes.dll
0x00007ffd6a620000 - 0x00007ffd6a71a000 	C:\WINDOWS\System32\SHCORE.dll
0x00007ffd68c80000 - 0x00007ffd68cab000 	C:\WINDOWS\SYSTEM32\profapi.dll
0x00007ffd4a580000 - 0x00007ffd4a599000 	C:\Users\mahdi\.jdks\temurin-11.0.25\bin\net.dll
0x00007ffd624e0000 - 0x00007ffd62616000 	C:\WINDOWS\SYSTEM32\WINHTTP.dll
0x00007ffd68160000 - 0x00007ffd681c9000 	C:\WINDOWS\system32\mswsock.dll
0x00007ffd403e0000 - 0x00007ffd403f3000 	C:\Users\mahdi\.jdks\temurin-11.0.25\bin\nio.dll
0x00007ffd68400000 - 0x00007ffd6841b000 	C:\WINDOWS\SYSTEM32\CRYPTSP.dll
0x00007ffd67c40000 - 0x00007ffd67c75000 	C:\WINDOWS\system32\rsaenh.dll
0x00007ffd68270000 - 0x00007ffd68298000 	C:\WINDOWS\SYSTEM32\USERENV.dll
0x00007ffd683f0000 - 0x00007ffd683fc000 	C:\WINDOWS\SYSTEM32\CRYPTBASE.dll
0x00007ffd67740000 - 0x00007ffd6776d000 	C:\WINDOWS\SYSTEM32\IPHLPAPI.DLL
0x00007ffd6ad80000 - 0x00007ffd6ad89000 	C:\WINDOWS\System32\NSI.dll
0x00007ffd61270000 - 0x00007ffd61289000 	C:\WINDOWS\SYSTEM32\dhcpcsvc6.DLL
0x00007ffd60910000 - 0x00007ffd6092f000 	C:\WINDOWS\SYSTEM32\dhcpcsvc.DLL
0x00007ffd677b0000 - 0x00007ffd678b2000 	C:\WINDOWS\SYSTEM32\DNSAPI.dll
0x00007ffd52260000 - 0x00007ffd52287000 	C:\Users\mahdi\.jdks\temurin-11.0.25\bin\sunec.dll
0x00007ffd61260000 - 0x00007ffd6126a000 	C:\Windows\System32\rasadhlp.dll
0x00007ffd56fa0000 - 0x00007ffd57023000 	C:\WINDOWS\System32\fwpuclnt.dll
0x00007ffd57200000 - 0x00007ffd5720e000 	C:\Users\mahdi\.jdks\temurin-11.0.25\bin\sunmscapi.dll
0x00007ffd693c0000 - 0x00007ffd69526000 	C:\WINDOWS\System32\CRYPT32.dll
0x00007ffd686a0000 - 0x00007ffd686cd000 	C:\WINDOWS\SYSTEM32\ncrypt.dll
0x00007ffd68660000 - 0x00007ffd68697000 	C:\WINDOWS\SYSTEM32\NTASN1.dll

dbghelp: loaded successfully - version: 4.0.5 - missing functions: none
symbol engine: initialized successfully - sym options: 0x614 - pdb path: .;C:\Users\mahdi\.jdks\temurin-11.0.25\bin;C:\WINDOWS\SYSTEM32;C:\WINDOWS\WinSxS\amd64_microsoft.windows.common-controls_6595b64144ccf1df_6.0.22621.4541_none_2710d1c57384c085;C:\Program Files (x86)\360\Total Security\safemon;C:\Users\mahdi\.jdks\temurin-11.0.25\bin\server

VM Arguments:
jvm_args: -Dchromeoptions.prefs=profile.password_manager_leak_detection=false -Dorg.gradle.internal.worker.tmpdir=C:\Users\mahdi\IdeaProjects\OrderDebitCard\build\tmp\test\work -Dorg.gradle.native=false -Xmx512m -Dfile.encoding=windows-1251 -Duser.country=RU -Duser.language=ru -Duser.variant -ea 
java_command: worker.org.gradle.process.internal.worker.GradleWorkerMain 'Gradle Test Executor 14'
java_class_path (initial): C:\\Users\\mahdi\\.gradle\\caches\\7.6\\workerMain\\gradle-worker.jar;C:\\Users\\mahdi\\IdeaProjects\\OrderDebitCard\\build\\classes\\java\\test;C:\\Users\\mahdi\\.gradle\\caches\\modules-2\\files-2.1\\org.junit.jupiter\\junit-jupiter-params\\5.9.0\\d6b6ccd3585351f617b06f066675271afebe9b28\\junit-jupiter-params-5.9.0.jar;C:\\Users\\mahdi\\.gradle\\caches\\modules-2\\files-2.1\\org.junit.jupiter\\junit-jupiter-engine\\5.9.0\\cc1cb5efae97493dcffb687253a0964ad2e7b99\\junit-jupiter-engine-5.9.0.jar;C:\\Users\\mahdi\\.gradle\\caches\\modules-2\\files-2.1\\org.junit.jupiter\\junit-jupiter-api\\5.9.0\\a44f7eba3ea214f6ec87ad9fccd3b2ac4681a4\\junit-jupiter-api-5.9.0.jar;C:\\Users\\mahdi\\.gradle\\caches\\modules-2\\files-2.1\\org.junit.platform\\junit-platform-engine\\1.9.0\\bd46891f01817b5ffdd368cb0482a34746610acb\\junit-platform-engine-1.9.0.jar;C:\\Users\\mahdi\\.gradle\\caches\\modules-2\\files-2.1\\org.junit.platform\\junit-platform-commons\\1.9.0\\b727889107fc28c7460b21d1083212f8ce7602c6\\junit-platform-commons-1.9.0.jar;C:\\Users\\mahdi\\.gradle\\caches\\modules-2\\files-2.1\\org.junit.jupiter\\junit-jupiter\\5.9.0\\db1cd1cd9e3138cf9e5ecb12a2ccc9cfbdf6a1d\\junit-jupiter-5.9.0.jar;C:\\Users\\mahdi\\.gradle\\caches\\modules-2\\files-2.1\\org.seleniumhq.selenium\\selenium-java\\4.18.1\\a2145eb54c20f40fbbdaca133f7c2094b527ceda\\selenium-java-4.18.1.jar;C:\\Users\\mahdi\\.gradle\\caches\\modules-2\\files-2.1\\io.github.bonigarcia\\webdrivermanager\\5.7.0\\e61b8c534853f21d8a1545c19e4eccc8b26e538f\\webdrivermanager-5.7.0.jar;C:\\Users\\mahdi\\.gradle\\caches\\modules-2\\files-2.1\\org.seleniumhq.selenium\\selenium-chrome-driver\\4.18.1\\60e771f59c512e4e81818c09705996e296b379b0\\selenium-chrome-driver-4.18.1.jar;C:\\Users\\mahdi\\.gradle\\caches\\modules-2\\files-2.1\\org.seleniumhq.selenium\\selenium-devtools-v120\\4.18.1\\2289c386c7ea8ee3011a20b903367f6b4e3d51e7\\selenium-devtools-v120-4.18.1.jar;C:\\Users\\mahdi\\.gradle\\caches\\modules-2\\fil
Launcher Type: SUN_STANDARD

[Global flags]
     intx CICompilerCount                          = 3                                         {product} {ergonomic}
     uint ConcGCThreads                            = 1                                         {product} {ergonomic}
     uint G1ConcRefinementThreads                  = 4                                         {product} {ergonomic}
   size_t G1HeapRegionSize                         = 1048576                                   {product} {ergonomic}
    uintx GCDrainStackTargetSize                   = 64                                        {product} {ergonomic}
   size_t InitialHeapSize                          = 132120576                                 {product} {ergonomic}
   size_t MarkStackSize                            = 4194304                                   {product} {ergonomic}
   size_t MaxHeapSize                              = 536870912                                 {product} {command line}
   size_t MaxNewSize                               = 321912832                                 {product} {ergonomic}
   size_t MinHeapDeltaBytes                        = 1048576                                   {product} {ergonomic}
    uintx NonNMethodCodeHeapSize                   = 5830732                                {pd product} {ergonomic}
    uintx NonProfiledCodeHeapSize                  = 122913754                              {pd product} {ergonomic}
    uintx ProfiledCodeHeapSize                     = 122913754                              {pd product} {ergonomic}
    uintx ReservedCodeCacheSize                    = 251658240                              {pd product} {ergonomic}
     bool SegmentedCodeCache                       = true                                      {product} {ergonomic}
     bool UseCompressedClassPointers               = true                                 {lp64_product} {ergonomic}
     bool UseCompressedOops                        = true                                 {lp64_product} {ergonomic}
     bool UseG1GC                                  = true                                      {product} {ergonomic}
     bool UseLargePagesIndividualAllocation        = false                                  {pd product} {ergonomic}

Logging:
Log output configuration:
 #0: stdout all=warning uptime,level,tags
 #1: stderr all=off uptime,level,tags

Environment Variables:
JAVA_HOME=C:\Program Files\Eclipse Adoptium\jdk-11.0.25.9-hotspot\
PATH=C:\Program Files\Eclipse Adoptium\jdk-11.0.25.9-hotspot\bin;C:\WINDOWS\system32;C:\WINDOWS;C:\WINDOWS\System32\Wbem;C:\WINDOWS\System32\WindowsPowerShell\v1.0\;C:\WINDOWS\System32\OpenSSH\;C:\Program Files\Git\cmd;C:\Users\mahdi\AppData\Local\Microsoft\WindowsApps;C:\Users\mahdi\AppData\Local\Programs\Microsoft VS Code\bin
USERNAME=mahdi
OS=Windows_NT
PROCESSOR_IDENTIFIER=Intel64 Family 6 Model 140 Stepping 1, GenuineIntel
TMP=C:\Users\mahdi\AppData\Local\Temp
TEMP=C:\Users\mahdi\AppData\Local\Temp



---------------  S Y S T E M  ---------------

OS: Windows 11 , 64 bit Build 22621 (10.0.22621.4391)
OS uptime: 14 days 16:16 hours
Hyper-V role detected

CPU:total 4 (initial active 4) (2 cores per cpu, 2 threads per core) family 6 model 140 stepping 1 microcode 0x9a, cmov, cx8, fxsr, mmx, sse, sse2, sse3, ssse3, sse4.1, sse4.2, popcnt, avx, avx2, aes, clmul, erms, 3dnowpref, lzcnt, ht, tsc, tscinvbit, bmi1, bmi2, adx, evex, sha, fma

Memory: 4k page, system-wide physical 7959M (92M free)
TotalPageFile size 23084M (AvailPageFile size 0M)
current process WorkingSet (physical memory assigned to process): 143M, peak: 144M
current process commit charge ("private bytes"): 248M, peak: 253M

vm_info: OpenJDK 64-Bit Server VM (11.0.25+9) for windows-amd64 JRE (11.0.25+9), built on Oct 15 2024 22:43:08 by "" with MS VC++ 17.7 (VS2022)

END.
